
> ai-code-mentor@0.1.0 build
> npm run validate-env && next build


> ai-code-mentor@0.1.0 validate-env
> node validate-env.js

✅ Validación de entorno exitosa: Todas las variables requeridas están presentes.
[@sentry/nextjs] DEPRECATION WARNING: autoInstrumentServerFunctions is deprecated and will be removed in a future version. Use webpack.autoInstrumentServerFunctions instead.
[@sentry/nextjs] DEPRECATION WARNING: autoInstrumentAppDirectory is deprecated and will be removed in a future version. Use webpack.autoInstrumentAppDirectory instead.
[@sentry/nextjs] DEPRECATION WARNING: disableLogger is deprecated and will be removed in a future version. Use webpack.treeshake.removeDebugLogging instead.
   ▲ Next.js 15.4.11
   - Environments: .env.local
   - Experiments (use with caution):
     · clientTraceMetadata
     · optimizePackageImports

   Creating an optimized production build ...
[@sentry/nextjs] It seems like you don't have a global error handler set up. It is recommended that you add a 'global-error.js' file with Sentry instrumentation so that React rendering errors are reported to Sentry. Read more: https://docs.sentry.io/platforms/javascript/guides/nextjs/manual-setup/#react-render-errors-in-app-router (you can suppress this warning by setting SENTRY_SUPPRESS_GLOBAL_ERROR_HANDLER_FILE_WARNING=1 as environment variable)
[@sentry/nextjs] DEPRECATION WARNING: It is recommended renaming your `sentry.client.config.js` file, or moving its content to `instrumentation-client.ts`. When using Turbopack `sentry.client.config.js` will no longer work. Read more about the `instrumentation-client.ts` file: https://nextjs.org/docs/app/api-reference/file-conventions/instrumentation-client
 ✓ Compiled successfully in 34.0s
   Linting and checking validity of types ...

./components/ProjectTracking/EnhancedUnifiedDashboard.tsx
32:8  Warning: React Hook useEffect has a missing dependency: 'loadDashboardData'. Either include it or remove the dependency array.  react-hooks/exhaustive-deps

./components/Sandbox/HistoryPanel.tsx
41:8  Warning: React Hook useEffect has a missing dependency: 'fetchHistory'. Either include it or remove the dependency array.  react-hooks/exhaustive-deps

info  - Need to disable some ESLint rules? Learn more here: https://nextjs.org/docs/app/api-reference/config/eslint#disabling-rules
Failed to compile.

./components/dashboard/EnhancedProgressDashboard.tsx:85:68
Type error: No overload matches this call.
  Overload 1 of 2, '(props: TrendChartProps, context?: any): string | number | bigint | boolean | ReactElement<unknown, string | JSXElementConstructor<any>> | ... 4 more ... | undefined', gave the following error.
    Type '{ data: { label: string; value: number; }[]; title: string; label: string; color: string; }' is not assignable to type 'IntrinsicAttributes & TrendChartProps'.
      Property 'label' does not exist on type 'IntrinsicAttributes & TrendChartProps'.
  Overload 2 of 2, '(props: TrendChartProps): string | number | bigint | boolean | ReactElement<unknown, string | JSXElementConstructor<any>> | ... 4 more ... | undefined', gave the following error.
    Type '{ data: { label: string; value: number; }[]; title: string; label: string; color: string; }' is not assignable to type 'IntrinsicAttributes & TrendChartProps'.
      Property 'label' does not exist on type 'IntrinsicAttributes & TrendChartProps'.

[0m [90m 83 |[39m             [33m<[39m[33mdiv[39m className[33m=[39m[32m"grid grid-cols-1 lg:grid-cols-2 gap-6"[39m[33m>[39m
 [90m 84 |[39m                 [33m<[39m[33mdiv[39m className[33m=[39m[32m"bg-white p-4 rounded-xl border shadow-sm"[39m[33m>[39m
[31m[1m>[22m[39m[90m 85 |[39m                     [33m<[39m[33mTrendChart[39m data[33m=[39m{trendData} title[33m=[39m[32m"Tendencia"[39m label[33m=[39m[32m"%"[39m color[33m=[39m[32m"#3b82f6"[39m [33m/[39m[33m>[39m
 [90m    |[39m                                                                    [31m[1m^[22m[39m
 [90m 86 |[39m                 [33m<[39m[33m/[39m[33mdiv[39m[33m>[39m
 [90m 87 |[39m                 [33m<[39m[33mdiv[39m className[33m=[39m[32m"bg-white p-4 rounded-xl border shadow-sm"[39m[33m>[39m
 [90m 88 |[39m                     [33m<[39m[33mQualityGauge[39m score[33m=[39m{data[33m.[39msummary[33m.[39mporcentajeTotalCompletado} title[33m=[39m[32m"Score"[39m [33m/[39m[33m>[39m[0m
Next.js build worker exited with code: 1 and signal: null
